<?xml version="1.0" encoding="UTF-8"?>
<testsuite xmlns:xsi="http://www.w3.org/2001/XMLSchema-instance" xsi:noNamespaceSchemaLocation="https://maven.apache.org/surefire/maven-surefire-plugin/xsd/surefire-test-report.xsd" name="top.devinwang.readChat.config.redisConfigTest" time="0.143" tests="2" errors="0" skipped="0" failures="0">
  <properties>
    <property name="sun.desktop" value="windows"/>
    <property name="awt.toolkit" value="sun.awt.windows.WToolkit"/>
    <property name="file.encoding.pkg" value="sun.io"/>
    <property name="java.specification.version" value="1.8"/>
    <property name="sun.cpu.isalist" value="amd64"/>
    <property name="sun.jnu.encoding" value="GBK"/>
    <property name="java.class.path" value="E:\newProject\readChat\target\test-classes;E:\newProject\readChat\target\classes;E:\Maven\apache-maven-3.6.3\repository\org\springframework\boot\spring-boot-starter\2.1.4.RELEASE\spring-boot-starter-2.1.4.RELEASE.jar;E:\Maven\apache-maven-3.6.3\repository\org\springframework\boot\spring-boot\2.1.4.RELEASE\spring-boot-2.1.4.RELEASE.jar;E:\Maven\apache-maven-3.6.3\repository\org\springframework\spring-context\5.1.6.RELEASE\spring-context-5.1.6.RELEASE.jar;E:\Maven\apache-maven-3.6.3\repository\org\springframework\boot\spring-boot-autoconfigure\2.1.4.RELEASE\spring-boot-autoconfigure-2.1.4.RELEASE.jar;E:\Maven\apache-maven-3.6.3\repository\org\springframework\boot\spring-boot-starter-logging\2.1.4.RELEASE\spring-boot-starter-logging-2.1.4.RELEASE.jar;E:\Maven\apache-maven-3.6.3\repository\ch\qos\logback\logback-classic\1.2.3\logback-classic-1.2.3.jar;E:\Maven\apache-maven-3.6.3\repository\ch\qos\logback\logback-core\1.2.3\logback-core-1.2.3.jar;E:\Maven\apache-maven-3.6.3\repository\org\apache\logging\log4j\log4j-to-slf4j\2.11.2\log4j-to-slf4j-2.11.2.jar;E:\Maven\apache-maven-3.6.3\repository\org\apache\logging\log4j\log4j-api\2.11.2\log4j-api-2.11.2.jar;E:\Maven\apache-maven-3.6.3\repository\org\slf4j\jul-to-slf4j\1.7.26\jul-to-slf4j-1.7.26.jar;E:\Maven\apache-maven-3.6.3\repository\javax\annotation\javax.annotation-api\1.3.2\javax.annotation-api-1.3.2.jar;E:\Maven\apache-maven-3.6.3\repository\org\springframework\spring-core\5.1.6.RELEASE\spring-core-5.1.6.RELEASE.jar;E:\Maven\apache-maven-3.6.3\repository\org\springframework\spring-jcl\5.1.6.RELEASE\spring-jcl-5.1.6.RELEASE.jar;E:\Maven\apache-maven-3.6.3\repository\org\yaml\snakeyaml\1.23\snakeyaml-1.23.jar;E:\Maven\apache-maven-3.6.3\repository\org\springframework\boot\spring-boot-starter-web\2.1.4.RELEASE\spring-boot-starter-web-2.1.4.RELEASE.jar;E:\Maven\apache-maven-3.6.3\repository\org\springframework\boot\spring-boot-starter-json\2.1.4.RELEASE\spring-boot-starter-json-2.1.4.RELEASE.jar;E:\Maven\apache-maven-3.6.3\repository\com\fasterxml\jackson\datatype\jackson-datatype-jdk8\2.9.8\jackson-datatype-jdk8-2.9.8.jar;E:\Maven\apache-maven-3.6.3\repository\com\fasterxml\jackson\datatype\jackson-datatype-jsr310\2.9.8\jackson-datatype-jsr310-2.9.8.jar;E:\Maven\apache-maven-3.6.3\repository\com\fasterxml\jackson\module\jackson-module-parameter-names\2.9.8\jackson-module-parameter-names-2.9.8.jar;E:\Maven\apache-maven-3.6.3\repository\org\springframework\boot\spring-boot-starter-tomcat\2.1.4.RELEASE\spring-boot-starter-tomcat-2.1.4.RELEASE.jar;E:\Maven\apache-maven-3.6.3\repository\org\apache\tomcat\embed\tomcat-embed-core\9.0.17\tomcat-embed-core-9.0.17.jar;E:\Maven\apache-maven-3.6.3\repository\org\apache\tomcat\embed\tomcat-embed-el\9.0.17\tomcat-embed-el-9.0.17.jar;E:\Maven\apache-maven-3.6.3\repository\org\apache\tomcat\embed\tomcat-embed-websocket\9.0.17\tomcat-embed-websocket-9.0.17.jar;E:\Maven\apache-maven-3.6.3\repository\org\hibernate\validator\hibernate-validator\6.0.16.Final\hibernate-validator-6.0.16.Final.jar;E:\Maven\apache-maven-3.6.3\repository\javax\validation\validation-api\2.0.1.Final\validation-api-2.0.1.Final.jar;E:\Maven\apache-maven-3.6.3\repository\org\jboss\logging\jboss-logging\3.3.2.Final\jboss-logging-3.3.2.Final.jar;E:\Maven\apache-maven-3.6.3\repository\org\springframework\spring-web\5.1.6.RELEASE\spring-web-5.1.6.RELEASE.jar;E:\Maven\apache-maven-3.6.3\repository\org\springframework\spring-beans\5.1.6.RELEASE\spring-beans-5.1.6.RELEASE.jar;E:\Maven\apache-maven-3.6.3\repository\org\springframework\spring-webmvc\5.1.6.RELEASE\spring-webmvc-5.1.6.RELEASE.jar;E:\Maven\apache-maven-3.6.3\repository\org\springframework\spring-aop\5.1.6.RELEASE\spring-aop-5.1.6.RELEASE.jar;E:\Maven\apache-maven-3.6.3\repository\org\springframework\spring-expression\5.1.6.RELEASE\spring-expression-5.1.6.RELEASE.jar;E:\Maven\apache-maven-3.6.3\repository\com\fasterxml\jackson\core\jackson-core\2.12.0\jackson-core-2.12.0.jar;E:\Maven\apache-maven-3.6.3\repository\com\fasterxml\jackson\core\jackson-databind\2.12.0\jackson-databind-2.12.0.jar;E:\Maven\apache-maven-3.6.3\repository\com\fasterxml\jackson\core\jackson-annotations\2.12.0\jackson-annotations-2.12.0.jar;E:\Maven\apache-maven-3.6.3\repository\org\mybatis\spring\boot\mybatis-spring-boot-starter\2.2.2\mybatis-spring-boot-starter-2.2.2.jar;E:\Maven\apache-maven-3.6.3\repository\org\springframework\boot\spring-boot-starter-jdbc\2.1.4.RELEASE\spring-boot-starter-jdbc-2.1.4.RELEASE.jar;E:\Maven\apache-maven-3.6.3\repository\com\zaxxer\HikariCP\3.2.0\HikariCP-3.2.0.jar;E:\Maven\apache-maven-3.6.3\repository\org\springframework\spring-jdbc\5.1.6.RELEASE\spring-jdbc-5.1.6.RELEASE.jar;E:\Maven\apache-maven-3.6.3\repository\org\mybatis\spring\boot\mybatis-spring-boot-autoconfigure\2.2.2\mybatis-spring-boot-autoconfigure-2.2.2.jar;E:\Maven\apache-maven-3.6.3\repository\org\mybatis\mybatis\3.5.9\mybatis-3.5.9.jar;E:\Maven\apache-maven-3.6.3\repository\org\mybatis\mybatis-spring\2.0.7\mybatis-spring-2.0.7.jar;E:\Maven\apache-maven-3.6.3\repository\mysql\mysql-connector-java\8.0.15\mysql-connector-java-8.0.15.jar;E:\Maven\apache-maven-3.6.3\repository\org\springframework\boot\spring-boot-starter-test\2.1.4.RELEASE\spring-boot-starter-test-2.1.4.RELEASE.jar;E:\Maven\apache-maven-3.6.3\repository\org\springframework\boot\spring-boot-test\2.1.4.RELEASE\spring-boot-test-2.1.4.RELEASE.jar;E:\Maven\apache-maven-3.6.3\repository\org\springframework\boot\spring-boot-test-autoconfigure\2.1.4.RELEASE\spring-boot-test-autoconfigure-2.1.4.RELEASE.jar;E:\Maven\apache-maven-3.6.3\repository\com\jayway\jsonpath\json-path\2.4.0\json-path-2.4.0.jar;E:\Maven\apache-maven-3.6.3\repository\net\minidev\json-smart\2.3\json-smart-2.3.jar;E:\Maven\apache-maven-3.6.3\repository\net\minidev\accessors-smart\1.2\accessors-smart-1.2.jar;E:\Maven\apache-maven-3.6.3\repository\org\ow2\asm\asm\5.0.4\asm-5.0.4.jar;E:\Maven\apache-maven-3.6.3\repository\junit\junit\4.12\junit-4.12.jar;E:\Maven\apache-maven-3.6.3\repository\org\assertj\assertj-core\3.11.1\assertj-core-3.11.1.jar;E:\Maven\apache-maven-3.6.3\repository\org\mockito\mockito-core\2.23.4\mockito-core-2.23.4.jar;E:\Maven\apache-maven-3.6.3\repository\net\bytebuddy\byte-buddy\1.9.12\byte-buddy-1.9.12.jar;E:\Maven\apache-maven-3.6.3\repository\net\bytebuddy\byte-buddy-agent\1.9.12\byte-buddy-agent-1.9.12.jar;E:\Maven\apache-maven-3.6.3\repository\org\objenesis\objenesis\2.6\objenesis-2.6.jar;E:\Maven\apache-maven-3.6.3\repository\org\hamcrest\hamcrest-core\1.3\hamcrest-core-1.3.jar;E:\Maven\apache-maven-3.6.3\repository\org\hamcrest\hamcrest-library\1.3\hamcrest-library-1.3.jar;E:\Maven\apache-maven-3.6.3\repository\org\skyscreamer\jsonassert\1.5.0\jsonassert-1.5.0.jar;E:\Maven\apache-maven-3.6.3\repository\com\vaadin\external\google\android-json\0.0.20131108.vaadin1\android-json-0.0.20131108.vaadin1.jar;E:\Maven\apache-maven-3.6.3\repository\org\springframework\spring-test\5.1.6.RELEASE\spring-test-5.1.6.RELEASE.jar;E:\Maven\apache-maven-3.6.3\repository\org\xmlunit\xmlunit-core\2.6.2\xmlunit-core-2.6.2.jar;E:\Maven\apache-maven-3.6.3\repository\org\projectlombok\lombok\1.18.6\lombok-1.18.6.jar;E:\Maven\apache-maven-3.6.3\repository\commons-beanutils\commons-beanutils\1.9.3\commons-beanutils-1.9.3.jar;E:\Maven\apache-maven-3.6.3\repository\commons-collections\commons-collections\3.2.1\commons-collections-3.2.1.jar;E:\Maven\apache-maven-3.6.3\repository\commons-lang\commons-lang\2.6\commons-lang-2.6.jar;E:\Maven\apache-maven-3.6.3\repository\commons-logging\commons-logging\1.1.1\commons-logging-1.1.1.jar;E:\Maven\apache-maven-3.6.3\repository\net\sf\ezmorph\ezmorph\1.0.6\ezmorph-1.0.6.jar;E:\Maven\apache-maven-3.6.3\repository\net\sf\json-lib\json-lib\2.4\json-lib-2.4-jdk15.jar;E:\Maven\apache-maven-3.6.3\repository\commons-codec\commons-codec\1.10\commons-codec-1.10.jar;E:\Maven\apache-maven-3.6.3\repository\org\bouncycastle\bcpkix-jdk15on\1.64\bcpkix-jdk15on-1.64.jar;E:\Maven\apache-maven-3.6.3\repository\org\bouncycastle\bcprov-jdk15on\1.64\bcprov-jdk15on-1.64.jar;E:\Maven\apache-maven-3.6.3\repository\io\springfox\springfox-swagger2\2.9.2\springfox-swagger2-2.9.2.jar;E:\Maven\apache-maven-3.6.3\repository\io\swagger\swagger-annotations\1.5.20\swagger-annotations-1.5.20.jar;E:\Maven\apache-maven-3.6.3\repository\io\swagger\swagger-models\1.5.20\swagger-models-1.5.20.jar;E:\Maven\apache-maven-3.6.3\repository\io\springfox\springfox-spi\2.9.2\springfox-spi-2.9.2.jar;E:\Maven\apache-maven-3.6.3\repository\io\springfox\springfox-core\2.9.2\springfox-core-2.9.2.jar;E:\Maven\apache-maven-3.6.3\repository\io\springfox\springfox-schema\2.9.2\springfox-schema-2.9.2.jar;E:\Maven\apache-maven-3.6.3\repository\io\springfox\springfox-swagger-common\2.9.2\springfox-swagger-common-2.9.2.jar;E:\Maven\apache-maven-3.6.3\repository\io\springfox\springfox-spring-web\2.9.2\springfox-spring-web-2.9.2.jar;E:\Maven\apache-maven-3.6.3\repository\com\google\guava\guava\20.0\guava-20.0.jar;E:\Maven\apache-maven-3.6.3\repository\com\fasterxml\classmate\1.4.0\classmate-1.4.0.jar;E:\Maven\apache-maven-3.6.3\repository\org\slf4j\slf4j-api\1.7.26\slf4j-api-1.7.26.jar;E:\Maven\apache-maven-3.6.3\repository\org\springframework\plugin\spring-plugin-core\1.2.0.RELEASE\spring-plugin-core-1.2.0.RELEASE.jar;E:\Maven\apache-maven-3.6.3\repository\org\springframework\plugin\spring-plugin-metadata\1.2.0.RELEASE\spring-plugin-metadata-1.2.0.RELEASE.jar;E:\Maven\apache-maven-3.6.3\repository\org\mapstruct\mapstruct\1.2.0.Final\mapstruct-1.2.0.Final.jar;E:\Maven\apache-maven-3.6.3\repository\io\springfox\springfox-swagger-ui\2.9.2\springfox-swagger-ui-2.9.2.jar;E:\Maven\apache-maven-3.6.3\repository\com\aliyun\oss\aliyun-sdk-oss\3.1.0\aliyun-sdk-oss-3.1.0.jar;E:\Maven\apache-maven-3.6.3\repository\org\apache\httpcomponents\httpclient\4.5.8\httpclient-4.5.8.jar;E:\Maven\apache-maven-3.6.3\repository\org\apache\httpcomponents\httpcore\4.4.11\httpcore-4.4.11.jar;E:\Maven\apache-maven-3.6.3\repository\org\jdom\jdom\1.1\jdom-1.1.jar;E:\Maven\apache-maven-3.6.3\repository\com\sun\jersey\jersey-json\1.9\jersey-json-1.9.jar;E:\Maven\apache-maven-3.6.3\repository\org\codehaus\jettison\jettison\1.1\jettison-1.1.jar;E:\Maven\apache-maven-3.6.3\repository\stax\stax-api\1.0.1\stax-api-1.0.1.jar;E:\Maven\apache-maven-3.6.3\repository\com\sun\xml\bind\jaxb-impl\2.2.3-1\jaxb-impl-2.2.3-1.jar;E:\Maven\apache-maven-3.6.3\repository\org\codehaus\jackson\jackson-core-asl\1.8.3\jackson-core-asl-1.8.3.jar;E:\Maven\apache-maven-3.6.3\repository\org\codehaus\jackson\jackson-mapper-asl\1.8.3\jackson-mapper-asl-1.8.3.jar;E:\Maven\apache-maven-3.6.3\repository\org\codehaus\jackson\jackson-jaxrs\1.8.3\jackson-jaxrs-1.8.3.jar;E:\Maven\apache-maven-3.6.3\repository\org\codehaus\jackson\jackson-xc\1.8.3\jackson-xc-1.8.3.jar;E:\Maven\apache-maven-3.6.3\repository\com\sun\jersey\jersey-core\1.9\jersey-core-1.9.jar;E:\Maven\apache-maven-3.6.3\repository\com\aliyun\aliyun-java-sdk-core\3.4.0\aliyun-java-sdk-core-3.4.0.jar;E:\Maven\apache-maven-3.6.3\repository\com\aliyun\aliyun-java-sdk-ram\3.0.0\aliyun-java-sdk-ram-3.0.0.jar;E:\Maven\apache-maven-3.6.3\repository\com\aliyun\aliyun-java-sdk-sts\3.0.0\aliyun-java-sdk-sts-3.0.0.jar;E:\Maven\apache-maven-3.6.3\repository\com\aliyun\aliyun-java-sdk-ecs\4.2.0\aliyun-java-sdk-ecs-4.2.0.jar;E:\Maven\apache-maven-3.6.3\repository\javax\xml\bind\jaxb-api\2.3.1\jaxb-api-2.3.1.jar;E:\Maven\apache-maven-3.6.3\repository\javax\activation\javax.activation-api\1.2.0\javax.activation-api-1.2.0.jar;E:\Maven\apache-maven-3.6.3\repository\javax\activation\activation\1.1.1\activation-1.1.1.jar;E:\Maven\apache-maven-3.6.3\repository\org\glassfish\jaxb\jaxb-runtime\2.3.3\jaxb-runtime-2.3.3.jar;E:\Maven\apache-maven-3.6.3\repository\jakarta\xml\bind\jakarta.xml.bind-api\2.3.3\jakarta.xml.bind-api-2.3.3.jar;E:\Maven\apache-maven-3.6.3\repository\org\glassfish\jaxb\txw2\2.3.3\txw2-2.3.3.jar;E:\Maven\apache-maven-3.6.3\repository\com\sun\istack\istack-commons-runtime\3.0.11\istack-commons-runtime-3.0.11.jar;E:\Maven\apache-maven-3.6.3\repository\com\sun\activation\jakarta.activation\1.2.2\jakarta.activation-1.2.2.jar;E:\Maven\apache-maven-3.6.3\repository\joda-time\joda-time\2.10.1\joda-time-2.10.1.jar;E:\Maven\apache-maven-3.6.3\repository\org\springframework\boot\spring-boot-starter-data-redis\2.1.4.RELEASE\spring-boot-starter-data-redis-2.1.4.RELEASE.jar;E:\Maven\apache-maven-3.6.3\repository\org\springframework\data\spring-data-redis\2.1.6.RELEASE\spring-data-redis-2.1.6.RELEASE.jar;E:\Maven\apache-maven-3.6.3\repository\org\springframework\data\spring-data-keyvalue\2.1.6.RELEASE\spring-data-keyvalue-2.1.6.RELEASE.jar;E:\Maven\apache-maven-3.6.3\repository\org\springframework\data\spring-data-commons\2.1.6.RELEASE\spring-data-commons-2.1.6.RELEASE.jar;E:\Maven\apache-maven-3.6.3\repository\org\springframework\spring-tx\5.1.6.RELEASE\spring-tx-5.1.6.RELEASE.jar;E:\Maven\apache-maven-3.6.3\repository\org\springframework\spring-oxm\5.1.6.RELEASE\spring-oxm-5.1.6.RELEASE.jar;E:\Maven\apache-maven-3.6.3\repository\org\springframework\spring-context-support\5.1.6.RELEASE\spring-context-support-5.1.6.RELEASE.jar;E:\Maven\apache-maven-3.6.3\repository\io\lettuce\lettuce-core\5.1.6.RELEASE\lettuce-core-5.1.6.RELEASE.jar;E:\Maven\apache-maven-3.6.3\repository\io\netty\netty-common\4.1.34.Final\netty-common-4.1.34.Final.jar;E:\Maven\apache-maven-3.6.3\repository\io\netty\netty-handler\4.1.34.Final\netty-handler-4.1.34.Final.jar;E:\Maven\apache-maven-3.6.3\repository\io\netty\netty-buffer\4.1.34.Final\netty-buffer-4.1.34.Final.jar;E:\Maven\apache-maven-3.6.3\repository\io\netty\netty-codec\4.1.34.Final\netty-codec-4.1.34.Final.jar;E:\Maven\apache-maven-3.6.3\repository\io\netty\netty-transport\4.1.34.Final\netty-transport-4.1.34.Final.jar;E:\Maven\apache-maven-3.6.3\repository\io\netty\netty-resolver\4.1.34.Final\netty-resolver-4.1.34.Final.jar;E:\Maven\apache-maven-3.6.3\repository\io\projectreactor\reactor-core\3.2.8.RELEASE\reactor-core-3.2.8.RELEASE.jar;E:\Maven\apache-maven-3.6.3\repository\org\reactivestreams\reactive-streams\1.0.2\reactive-streams-1.0.2.jar;E:\Maven\apache-maven-3.6.3\repository\org\apache\commons\commons-pool2\2.9.0\commons-pool2-2.9.0.jar;E:\Maven\apache-maven-3.6.3\repository\io\jsonwebtoken\jjwt\0.9.0\jjwt-0.9.0.jar;E:\Maven\apache-maven-3.6.3\repository\cn\hutool\hutool-all\5.7.17\hutool-all-5.7.17.jar;E:\Maven\apache-maven-3.6.3\repository\com\baidu\aip\java-sdk\4.11.3\java-sdk-4.11.3.jar;E:\Maven\apache-maven-3.6.3\repository\org\json\json\20160810\json-20160810.jar;E:\Maven\apache-maven-3.6.3\repository\org\slf4j\slf4j-simple\1.7.26\slf4j-simple-1.7.26.jar;E:\Maven\apache-maven-3.6.3\repository\org\springframework\boot\spring-boot-starter-amqp\2.1.4.RELEASE\spring-boot-starter-amqp-2.1.4.RELEASE.jar;E:\Maven\apache-maven-3.6.3\repository\org\springframework\spring-messaging\5.1.6.RELEASE\spring-messaging-5.1.6.RELEASE.jar;E:\Maven\apache-maven-3.6.3\repository\org\springframework\amqp\spring-rabbit\2.1.5.RELEASE\spring-rabbit-2.1.5.RELEASE.jar;E:\Maven\apache-maven-3.6.3\repository\org\springframework\amqp\spring-amqp\2.1.5.RELEASE\spring-amqp-2.1.5.RELEASE.jar;E:\Maven\apache-maven-3.6.3\repository\org\springframework\retry\spring-retry\1.2.4.RELEASE\spring-retry-1.2.4.RELEASE.jar;E:\Maven\apache-maven-3.6.3\repository\com\rabbitmq\amqp-client\5.4.3\amqp-client-5.4.3.jar;E:\Maven\apache-maven-3.6.3\repository\com\alibaba\fastjson\1.2.79\fastjson-1.2.79.jar;E:\Maven\apache-maven-3.6.3\repository\org\apache\commons\commons-lang3\3.8\commons-lang3-3.8.jar;E:\Maven\apache-maven-3.6.3\repository\com\github\pagehelper\pagehelper-spring-boot-starter\1.3.0\pagehelper-spring-boot-starter-1.3.0.jar;E:\Maven\apache-maven-3.6.3\repository\com\github\pagehelper\pagehelper-spring-boot-autoconfigure\1.3.0\pagehelper-spring-boot-autoconfigure-1.3.0.jar;E:\Maven\apache-maven-3.6.3\repository\com\github\pagehelper\pagehelper\5.2.0\pagehelper-5.2.0.jar;E:\Maven\apache-maven-3.6.3\repository\com\github\jsqlparser\jsqlparser\3.2\jsqlparser-3.2.jar;"/>
    <property name="java.vm.vendor" value="Oracle Corporation"/>
    <property name="sun.arch.data.model" value="64"/>
    <property name="user.variant" value=""/>
    <property name="java.vendor.url" value="http://java.oracle.com/"/>
    <property name="user.timezone" value="Asia/Shanghai"/>
    <property name="java.vm.specification.version" value="1.8"/>
    <property name="os.name" value="Windows 10"/>
    <property name="user.country" value="CN"/>
    <property name="sun.java.launcher" value="SUN_STANDARD"/>
    <property name="sun.boot.library.path" value="E:\JDK8\jre\bin"/>
    <property name="sun.java.command" value="C:\Users\devin\AppData\Local\Temp\surefire6776370161929230275\surefirebooter3872420160736019280.jar C:\Users\devin\AppData\Local\Temp\surefire6776370161929230275 2023-08-12T23-13-48_502-jvmRun1 surefire4588951283103862983tmp surefire_06375411523785252310tmp"/>
    <property name="surefire.test.class.path" value="E:\newProject\readChat\target\test-classes;E:\newProject\readChat\target\classes;E:\Maven\apache-maven-3.6.3\repository\org\springframework\boot\spring-boot-starter\2.1.4.RELEASE\spring-boot-starter-2.1.4.RELEASE.jar;E:\Maven\apache-maven-3.6.3\repository\org\springframework\boot\spring-boot\2.1.4.RELEASE\spring-boot-2.1.4.RELEASE.jar;E:\Maven\apache-maven-3.6.3\repository\org\springframework\spring-context\5.1.6.RELEASE\spring-context-5.1.6.RELEASE.jar;E:\Maven\apache-maven-3.6.3\repository\org\springframework\boot\spring-boot-autoconfigure\2.1.4.RELEASE\spring-boot-autoconfigure-2.1.4.RELEASE.jar;E:\Maven\apache-maven-3.6.3\repository\org\springframework\boot\spring-boot-starter-logging\2.1.4.RELEASE\spring-boot-starter-logging-2.1.4.RELEASE.jar;E:\Maven\apache-maven-3.6.3\repository\ch\qos\logback\logback-classic\1.2.3\logback-classic-1.2.3.jar;E:\Maven\apache-maven-3.6.3\repository\ch\qos\logback\logback-core\1.2.3\logback-core-1.2.3.jar;E:\Maven\apache-maven-3.6.3\repository\org\apache\logging\log4j\log4j-to-slf4j\2.11.2\log4j-to-slf4j-2.11.2.jar;E:\Maven\apache-maven-3.6.3\repository\org\apache\logging\log4j\log4j-api\2.11.2\log4j-api-2.11.2.jar;E:\Maven\apache-maven-3.6.3\repository\org\slf4j\jul-to-slf4j\1.7.26\jul-to-slf4j-1.7.26.jar;E:\Maven\apache-maven-3.6.3\repository\javax\annotation\javax.annotation-api\1.3.2\javax.annotation-api-1.3.2.jar;E:\Maven\apache-maven-3.6.3\repository\org\springframework\spring-core\5.1.6.RELEASE\spring-core-5.1.6.RELEASE.jar;E:\Maven\apache-maven-3.6.3\repository\org\springframework\spring-jcl\5.1.6.RELEASE\spring-jcl-5.1.6.RELEASE.jar;E:\Maven\apache-maven-3.6.3\repository\org\yaml\snakeyaml\1.23\snakeyaml-1.23.jar;E:\Maven\apache-maven-3.6.3\repository\org\springframework\boot\spring-boot-starter-web\2.1.4.RELEASE\spring-boot-starter-web-2.1.4.RELEASE.jar;E:\Maven\apache-maven-3.6.3\repository\org\springframework\boot\spring-boot-starter-json\2.1.4.RELEASE\spring-boot-starter-json-2.1.4.RELEASE.jar;E:\Maven\apache-maven-3.6.3\repository\com\fasterxml\jackson\datatype\jackson-datatype-jdk8\2.9.8\jackson-datatype-jdk8-2.9.8.jar;E:\Maven\apache-maven-3.6.3\repository\com\fasterxml\jackson\datatype\jackson-datatype-jsr310\2.9.8\jackson-datatype-jsr310-2.9.8.jar;E:\Maven\apache-maven-3.6.3\repository\com\fasterxml\jackson\module\jackson-module-parameter-names\2.9.8\jackson-module-parameter-names-2.9.8.jar;E:\Maven\apache-maven-3.6.3\repository\org\springframework\boot\spring-boot-starter-tomcat\2.1.4.RELEASE\spring-boot-starter-tomcat-2.1.4.RELEASE.jar;E:\Maven\apache-maven-3.6.3\repository\org\apache\tomcat\embed\tomcat-embed-core\9.0.17\tomcat-embed-core-9.0.17.jar;E:\Maven\apache-maven-3.6.3\repository\org\apache\tomcat\embed\tomcat-embed-el\9.0.17\tomcat-embed-el-9.0.17.jar;E:\Maven\apache-maven-3.6.3\repository\org\apache\tomcat\embed\tomcat-embed-websocket\9.0.17\tomcat-embed-websocket-9.0.17.jar;E:\Maven\apache-maven-3.6.3\repository\org\hibernate\validator\hibernate-validator\6.0.16.Final\hibernate-validator-6.0.16.Final.jar;E:\Maven\apache-maven-3.6.3\repository\javax\validation\validation-api\2.0.1.Final\validation-api-2.0.1.Final.jar;E:\Maven\apache-maven-3.6.3\repository\org\jboss\logging\jboss-logging\3.3.2.Final\jboss-logging-3.3.2.Final.jar;E:\Maven\apache-maven-3.6.3\repository\org\springframework\spring-web\5.1.6.RELEASE\spring-web-5.1.6.RELEASE.jar;E:\Maven\apache-maven-3.6.3\repository\org\springframework\spring-beans\5.1.6.RELEASE\spring-beans-5.1.6.RELEASE.jar;E:\Maven\apache-maven-3.6.3\repository\org\springframework\spring-webmvc\5.1.6.RELEASE\spring-webmvc-5.1.6.RELEASE.jar;E:\Maven\apache-maven-3.6.3\repository\org\springframework\spring-aop\5.1.6.RELEASE\spring-aop-5.1.6.RELEASE.jar;E:\Maven\apache-maven-3.6.3\repository\org\springframework\spring-expression\5.1.6.RELEASE\spring-expression-5.1.6.RELEASE.jar;E:\Maven\apache-maven-3.6.3\repository\com\fasterxml\jackson\core\jackson-core\2.12.0\jackson-core-2.12.0.jar;E:\Maven\apache-maven-3.6.3\repository\com\fasterxml\jackson\core\jackson-databind\2.12.0\jackson-databind-2.12.0.jar;E:\Maven\apache-maven-3.6.3\repository\com\fasterxml\jackson\core\jackson-annotations\2.12.0\jackson-annotations-2.12.0.jar;E:\Maven\apache-maven-3.6.3\repository\org\mybatis\spring\boot\mybatis-spring-boot-starter\2.2.2\mybatis-spring-boot-starter-2.2.2.jar;E:\Maven\apache-maven-3.6.3\repository\org\springframework\boot\spring-boot-starter-jdbc\2.1.4.RELEASE\spring-boot-starter-jdbc-2.1.4.RELEASE.jar;E:\Maven\apache-maven-3.6.3\repository\com\zaxxer\HikariCP\3.2.0\HikariCP-3.2.0.jar;E:\Maven\apache-maven-3.6.3\repository\org\springframework\spring-jdbc\5.1.6.RELEASE\spring-jdbc-5.1.6.RELEASE.jar;E:\Maven\apache-maven-3.6.3\repository\org\mybatis\spring\boot\mybatis-spring-boot-autoconfigure\2.2.2\mybatis-spring-boot-autoconfigure-2.2.2.jar;E:\Maven\apache-maven-3.6.3\repository\org\mybatis\mybatis\3.5.9\mybatis-3.5.9.jar;E:\Maven\apache-maven-3.6.3\repository\org\mybatis\mybatis-spring\2.0.7\mybatis-spring-2.0.7.jar;E:\Maven\apache-maven-3.6.3\repository\mysql\mysql-connector-java\8.0.15\mysql-connector-java-8.0.15.jar;E:\Maven\apache-maven-3.6.3\repository\org\springframework\boot\spring-boot-starter-test\2.1.4.RELEASE\spring-boot-starter-test-2.1.4.RELEASE.jar;E:\Maven\apache-maven-3.6.3\repository\org\springframework\boot\spring-boot-test\2.1.4.RELEASE\spring-boot-test-2.1.4.RELEASE.jar;E:\Maven\apache-maven-3.6.3\repository\org\springframework\boot\spring-boot-test-autoconfigure\2.1.4.RELEASE\spring-boot-test-autoconfigure-2.1.4.RELEASE.jar;E:\Maven\apache-maven-3.6.3\repository\com\jayway\jsonpath\json-path\2.4.0\json-path-2.4.0.jar;E:\Maven\apache-maven-3.6.3\repository\net\minidev\json-smart\2.3\json-smart-2.3.jar;E:\Maven\apache-maven-3.6.3\repository\net\minidev\accessors-smart\1.2\accessors-smart-1.2.jar;E:\Maven\apache-maven-3.6.3\repository\org\ow2\asm\asm\5.0.4\asm-5.0.4.jar;E:\Maven\apache-maven-3.6.3\repository\junit\junit\4.12\junit-4.12.jar;E:\Maven\apache-maven-3.6.3\repository\org\assertj\assertj-core\3.11.1\assertj-core-3.11.1.jar;E:\Maven\apache-maven-3.6.3\repository\org\mockito\mockito-core\2.23.4\mockito-core-2.23.4.jar;E:\Maven\apache-maven-3.6.3\repository\net\bytebuddy\byte-buddy\1.9.12\byte-buddy-1.9.12.jar;E:\Maven\apache-maven-3.6.3\repository\net\bytebuddy\byte-buddy-agent\1.9.12\byte-buddy-agent-1.9.12.jar;E:\Maven\apache-maven-3.6.3\repository\org\objenesis\objenesis\2.6\objenesis-2.6.jar;E:\Maven\apache-maven-3.6.3\repository\org\hamcrest\hamcrest-core\1.3\hamcrest-core-1.3.jar;E:\Maven\apache-maven-3.6.3\repository\org\hamcrest\hamcrest-library\1.3\hamcrest-library-1.3.jar;E:\Maven\apache-maven-3.6.3\repository\org\skyscreamer\jsonassert\1.5.0\jsonassert-1.5.0.jar;E:\Maven\apache-maven-3.6.3\repository\com\vaadin\external\google\android-json\0.0.20131108.vaadin1\android-json-0.0.20131108.vaadin1.jar;E:\Maven\apache-maven-3.6.3\repository\org\springframework\spring-test\5.1.6.RELEASE\spring-test-5.1.6.RELEASE.jar;E:\Maven\apache-maven-3.6.3\repository\org\xmlunit\xmlunit-core\2.6.2\xmlunit-core-2.6.2.jar;E:\Maven\apache-maven-3.6.3\repository\org\projectlombok\lombok\1.18.6\lombok-1.18.6.jar;E:\Maven\apache-maven-3.6.3\repository\commons-beanutils\commons-beanutils\1.9.3\commons-beanutils-1.9.3.jar;E:\Maven\apache-maven-3.6.3\repository\commons-collections\commons-collections\3.2.1\commons-collections-3.2.1.jar;E:\Maven\apache-maven-3.6.3\repository\commons-lang\commons-lang\2.6\commons-lang-2.6.jar;E:\Maven\apache-maven-3.6.3\repository\commons-logging\commons-logging\1.1.1\commons-logging-1.1.1.jar;E:\Maven\apache-maven-3.6.3\repository\net\sf\ezmorph\ezmorph\1.0.6\ezmorph-1.0.6.jar;E:\Maven\apache-maven-3.6.3\repository\net\sf\json-lib\json-lib\2.4\json-lib-2.4-jdk15.jar;E:\Maven\apache-maven-3.6.3\repository\commons-codec\commons-codec\1.10\commons-codec-1.10.jar;E:\Maven\apache-maven-3.6.3\repository\org\bouncycastle\bcpkix-jdk15on\1.64\bcpkix-jdk15on-1.64.jar;E:\Maven\apache-maven-3.6.3\repository\org\bouncycastle\bcprov-jdk15on\1.64\bcprov-jdk15on-1.64.jar;E:\Maven\apache-maven-3.6.3\repository\io\springfox\springfox-swagger2\2.9.2\springfox-swagger2-2.9.2.jar;E:\Maven\apache-maven-3.6.3\repository\io\swagger\swagger-annotations\1.5.20\swagger-annotations-1.5.20.jar;E:\Maven\apache-maven-3.6.3\repository\io\swagger\swagger-models\1.5.20\swagger-models-1.5.20.jar;E:\Maven\apache-maven-3.6.3\repository\io\springfox\springfox-spi\2.9.2\springfox-spi-2.9.2.jar;E:\Maven\apache-maven-3.6.3\repository\io\springfox\springfox-core\2.9.2\springfox-core-2.9.2.jar;E:\Maven\apache-maven-3.6.3\repository\io\springfox\springfox-schema\2.9.2\springfox-schema-2.9.2.jar;E:\Maven\apache-maven-3.6.3\repository\io\springfox\springfox-swagger-common\2.9.2\springfox-swagger-common-2.9.2.jar;E:\Maven\apache-maven-3.6.3\repository\io\springfox\springfox-spring-web\2.9.2\springfox-spring-web-2.9.2.jar;E:\Maven\apache-maven-3.6.3\repository\com\google\guava\guava\20.0\guava-20.0.jar;E:\Maven\apache-maven-3.6.3\repository\com\fasterxml\classmate\1.4.0\classmate-1.4.0.jar;E:\Maven\apache-maven-3.6.3\repository\org\slf4j\slf4j-api\1.7.26\slf4j-api-1.7.26.jar;E:\Maven\apache-maven-3.6.3\repository\org\springframework\plugin\spring-plugin-core\1.2.0.RELEASE\spring-plugin-core-1.2.0.RELEASE.jar;E:\Maven\apache-maven-3.6.3\repository\org\springframework\plugin\spring-plugin-metadata\1.2.0.RELEASE\spring-plugin-metadata-1.2.0.RELEASE.jar;E:\Maven\apache-maven-3.6.3\repository\org\mapstruct\mapstruct\1.2.0.Final\mapstruct-1.2.0.Final.jar;E:\Maven\apache-maven-3.6.3\repository\io\springfox\springfox-swagger-ui\2.9.2\springfox-swagger-ui-2.9.2.jar;E:\Maven\apache-maven-3.6.3\repository\com\aliyun\oss\aliyun-sdk-oss\3.1.0\aliyun-sdk-oss-3.1.0.jar;E:\Maven\apache-maven-3.6.3\repository\org\apache\httpcomponents\httpclient\4.5.8\httpclient-4.5.8.jar;E:\Maven\apache-maven-3.6.3\repository\org\apache\httpcomponents\httpcore\4.4.11\httpcore-4.4.11.jar;E:\Maven\apache-maven-3.6.3\repository\org\jdom\jdom\1.1\jdom-1.1.jar;E:\Maven\apache-maven-3.6.3\repository\com\sun\jersey\jersey-json\1.9\jersey-json-1.9.jar;E:\Maven\apache-maven-3.6.3\repository\org\codehaus\jettison\jettison\1.1\jettison-1.1.jar;E:\Maven\apache-maven-3.6.3\repository\stax\stax-api\1.0.1\stax-api-1.0.1.jar;E:\Maven\apache-maven-3.6.3\repository\com\sun\xml\bind\jaxb-impl\2.2.3-1\jaxb-impl-2.2.3-1.jar;E:\Maven\apache-maven-3.6.3\repository\org\codehaus\jackson\jackson-core-asl\1.8.3\jackson-core-asl-1.8.3.jar;E:\Maven\apache-maven-3.6.3\repository\org\codehaus\jackson\jackson-mapper-asl\1.8.3\jackson-mapper-asl-1.8.3.jar;E:\Maven\apache-maven-3.6.3\repository\org\codehaus\jackson\jackson-jaxrs\1.8.3\jackson-jaxrs-1.8.3.jar;E:\Maven\apache-maven-3.6.3\repository\org\codehaus\jackson\jackson-xc\1.8.3\jackson-xc-1.8.3.jar;E:\Maven\apache-maven-3.6.3\repository\com\sun\jersey\jersey-core\1.9\jersey-core-1.9.jar;E:\Maven\apache-maven-3.6.3\repository\com\aliyun\aliyun-java-sdk-core\3.4.0\aliyun-java-sdk-core-3.4.0.jar;E:\Maven\apache-maven-3.6.3\repository\com\aliyun\aliyun-java-sdk-ram\3.0.0\aliyun-java-sdk-ram-3.0.0.jar;E:\Maven\apache-maven-3.6.3\repository\com\aliyun\aliyun-java-sdk-sts\3.0.0\aliyun-java-sdk-sts-3.0.0.jar;E:\Maven\apache-maven-3.6.3\repository\com\aliyun\aliyun-java-sdk-ecs\4.2.0\aliyun-java-sdk-ecs-4.2.0.jar;E:\Maven\apache-maven-3.6.3\repository\javax\xml\bind\jaxb-api\2.3.1\jaxb-api-2.3.1.jar;E:\Maven\apache-maven-3.6.3\repository\javax\activation\javax.activation-api\1.2.0\javax.activation-api-1.2.0.jar;E:\Maven\apache-maven-3.6.3\repository\javax\activation\activation\1.1.1\activation-1.1.1.jar;E:\Maven\apache-maven-3.6.3\repository\org\glassfish\jaxb\jaxb-runtime\2.3.3\jaxb-runtime-2.3.3.jar;E:\Maven\apache-maven-3.6.3\repository\jakarta\xml\bind\jakarta.xml.bind-api\2.3.3\jakarta.xml.bind-api-2.3.3.jar;E:\Maven\apache-maven-3.6.3\repository\org\glassfish\jaxb\txw2\2.3.3\txw2-2.3.3.jar;E:\Maven\apache-maven-3.6.3\repository\com\sun\istack\istack-commons-runtime\3.0.11\istack-commons-runtime-3.0.11.jar;E:\Maven\apache-maven-3.6.3\repository\com\sun\activation\jakarta.activation\1.2.2\jakarta.activation-1.2.2.jar;E:\Maven\apache-maven-3.6.3\repository\joda-time\joda-time\2.10.1\joda-time-2.10.1.jar;E:\Maven\apache-maven-3.6.3\repository\org\springframework\boot\spring-boot-starter-data-redis\2.1.4.RELEASE\spring-boot-starter-data-redis-2.1.4.RELEASE.jar;E:\Maven\apache-maven-3.6.3\repository\org\springframework\data\spring-data-redis\2.1.6.RELEASE\spring-data-redis-2.1.6.RELEASE.jar;E:\Maven\apache-maven-3.6.3\repository\org\springframework\data\spring-data-keyvalue\2.1.6.RELEASE\spring-data-keyvalue-2.1.6.RELEASE.jar;E:\Maven\apache-maven-3.6.3\repository\org\springframework\data\spring-data-commons\2.1.6.RELEASE\spring-data-commons-2.1.6.RELEASE.jar;E:\Maven\apache-maven-3.6.3\repository\org\springframework\spring-tx\5.1.6.RELEASE\spring-tx-5.1.6.RELEASE.jar;E:\Maven\apache-maven-3.6.3\repository\org\springframework\spring-oxm\5.1.6.RELEASE\spring-oxm-5.1.6.RELEASE.jar;E:\Maven\apache-maven-3.6.3\repository\org\springframework\spring-context-support\5.1.6.RELEASE\spring-context-support-5.1.6.RELEASE.jar;E:\Maven\apache-maven-3.6.3\repository\io\lettuce\lettuce-core\5.1.6.RELEASE\lettuce-core-5.1.6.RELEASE.jar;E:\Maven\apache-maven-3.6.3\repository\io\netty\netty-common\4.1.34.Final\netty-common-4.1.34.Final.jar;E:\Maven\apache-maven-3.6.3\repository\io\netty\netty-handler\4.1.34.Final\netty-handler-4.1.34.Final.jar;E:\Maven\apache-maven-3.6.3\repository\io\netty\netty-buffer\4.1.34.Final\netty-buffer-4.1.34.Final.jar;E:\Maven\apache-maven-3.6.3\repository\io\netty\netty-codec\4.1.34.Final\netty-codec-4.1.34.Final.jar;E:\Maven\apache-maven-3.6.3\repository\io\netty\netty-transport\4.1.34.Final\netty-transport-4.1.34.Final.jar;E:\Maven\apache-maven-3.6.3\repository\io\netty\netty-resolver\4.1.34.Final\netty-resolver-4.1.34.Final.jar;E:\Maven\apache-maven-3.6.3\repository\io\projectreactor\reactor-core\3.2.8.RELEASE\reactor-core-3.2.8.RELEASE.jar;E:\Maven\apache-maven-3.6.3\repository\org\reactivestreams\reactive-streams\1.0.2\reactive-streams-1.0.2.jar;E:\Maven\apache-maven-3.6.3\repository\org\apache\commons\commons-pool2\2.9.0\commons-pool2-2.9.0.jar;E:\Maven\apache-maven-3.6.3\repository\io\jsonwebtoken\jjwt\0.9.0\jjwt-0.9.0.jar;E:\Maven\apache-maven-3.6.3\repository\cn\hutool\hutool-all\5.7.17\hutool-all-5.7.17.jar;E:\Maven\apache-maven-3.6.3\repository\com\baidu\aip\java-sdk\4.11.3\java-sdk-4.11.3.jar;E:\Maven\apache-maven-3.6.3\repository\org\json\json\20160810\json-20160810.jar;E:\Maven\apache-maven-3.6.3\repository\org\slf4j\slf4j-simple\1.7.26\slf4j-simple-1.7.26.jar;E:\Maven\apache-maven-3.6.3\repository\org\springframework\boot\spring-boot-starter-amqp\2.1.4.RELEASE\spring-boot-starter-amqp-2.1.4.RELEASE.jar;E:\Maven\apache-maven-3.6.3\repository\org\springframework\spring-messaging\5.1.6.RELEASE\spring-messaging-5.1.6.RELEASE.jar;E:\Maven\apache-maven-3.6.3\repository\org\springframework\amqp\spring-rabbit\2.1.5.RELEASE\spring-rabbit-2.1.5.RELEASE.jar;E:\Maven\apache-maven-3.6.3\repository\org\springframework\amqp\spring-amqp\2.1.5.RELEASE\spring-amqp-2.1.5.RELEASE.jar;E:\Maven\apache-maven-3.6.3\repository\org\springframework\retry\spring-retry\1.2.4.RELEASE\spring-retry-1.2.4.RELEASE.jar;E:\Maven\apache-maven-3.6.3\repository\com\rabbitmq\amqp-client\5.4.3\amqp-client-5.4.3.jar;E:\Maven\apache-maven-3.6.3\repository\com\alibaba\fastjson\1.2.79\fastjson-1.2.79.jar;E:\Maven\apache-maven-3.6.3\repository\org\apache\commons\commons-lang3\3.8\commons-lang3-3.8.jar;E:\Maven\apache-maven-3.6.3\repository\com\github\pagehelper\pagehelper-spring-boot-starter\1.3.0\pagehelper-spring-boot-starter-1.3.0.jar;E:\Maven\apache-maven-3.6.3\repository\com\github\pagehelper\pagehelper-spring-boot-autoconfigure\1.3.0\pagehelper-spring-boot-autoconfigure-1.3.0.jar;E:\Maven\apache-maven-3.6.3\repository\com\github\pagehelper\pagehelper\5.2.0\pagehelper-5.2.0.jar;E:\Maven\apache-maven-3.6.3\repository\com\github\jsqlparser\jsqlparser\3.2\jsqlparser-3.2.jar;"/>
    <property name="sun.cpu.endian" value="little"/>
    <property name="user.home" value="C:\Users\devin"/>
    <property name="user.language" value="zh"/>
    <property name="java.specification.vendor" value="Oracle Corporation"/>
    <property name="java.home" value="E:\JDK8\jre"/>
    <property name="basedir" value="E:\newProject\readChat"/>
    <property name="file.separator" value="\"/>
    <property name="line.separator" value="&#10;"/>
    <property name="java.vm.specification.vendor" value="Oracle Corporation"/>
    <property name="java.specification.name" value="Java Platform API Specification"/>
    <property name="java.awt.graphicsenv" value="sun.awt.Win32GraphicsEnvironment"/>
    <property name="surefire.real.class.path" value="C:\Users\devin\AppData\Local\Temp\surefire6776370161929230275\surefirebooter3872420160736019280.jar"/>
    <property name="sun.boot.class.path" value="E:\JDK8\jre\lib\resources.jar;E:\JDK8\jre\lib\rt.jar;E:\JDK8\jre\lib\jsse.jar;E:\JDK8\jre\lib\jce.jar;E:\JDK8\jre\lib\charsets.jar;E:\JDK8\jre\lib\jfr.jar;E:\JDK8\jre\classes"/>
    <property name="user.script" value=""/>
    <property name="sun.management.compiler" value="HotSpot 64-Bit Tiered Compilers"/>
    <property name="java.runtime.version" value="1.8.0_351-b10"/>
    <property name="user.name" value="devin"/>
    <property name="path.separator" value=";"/>
    <property name="os.version" value="10.0"/>
    <property name="java.endorsed.dirs" value="E:\JDK8\jre\lib\endorsed"/>
    <property name="java.runtime.name" value="Java(TM) SE Runtime Environment"/>
    <property name="file.encoding" value="GBK"/>
    <property name="java.vm.name" value="Java HotSpot(TM) 64-Bit Server VM"/>
    <property name="localRepository" value="E:\Maven\apache-maven-3.6.3\repository"/>
    <property name="java.vendor.url.bug" value="http://bugreport.sun.com/bugreport/"/>
    <property name="java.io.tmpdir" value="C:\Users\devin\AppData\Local\Temp\"/>
    <property name="idea.version" value="2022.1.3"/>
    <property name="java.version" value="1.8.0_351"/>
    <property name="user.dir" value="E:\newProject\readChat"/>
    <property name="os.arch" value="amd64"/>
    <property name="java.vm.specification.name" value="Java Virtual Machine Specification"/>
    <property name="java.awt.printerjob" value="sun.awt.windows.WPrinterJob"/>
    <property name="sun.os.patch.level" value=""/>
    <property name="java.library.path" value="E:\JDK8\jre\bin;C:\Windows\Sun\Java\bin;C:\Windows\system32;C:\Windows;F:\VMware\bin\;C:\Windows\system32;C:\Windows;C:\Windows\System32\Wbem;C:\Windows\System32\WindowsPowerShell\v1.0\;C:\Windows\System32\OpenSSH\;C:\Program Files (x86)\NVIDIA Corporation\PhysX\Common;E:\xftp\;E:\XShell\;E:\微信web开发者工具\dll;%ERLAN;_HOME%\bin;C:\Program Files\RabbitMQ Server\rabbitmq_server-3.8.16\sbin;E:\JDK8\bin;E:\JDK8\jre\bin;E:\Maven\apache-maven-3.6.3\bin;E:\nodejs\;E:\nodejs\node_global;E:\Git\Git\cmd;E:\git\Git\cmd;E:\TortoiseSVN\bin;%CATALINA_HOME%\bin\;C:\Users\devin\AppData\Local\Microsoft\WindowsApps;E:\vscode\Microsoft VS Code\bin;C:\Users\devin\AppData\Roaming\npm;E:\nodejs;E:\nodejs\node_modules;C:\Users\devin\AppData\Local\GitHubDesktop\bin;E:\idea\IntelliJ IDEA 2022.1.3\bin;;."/>
    <property name="java.vm.info" value="mixed mode"/>
    <property name="java.vendor" value="Oracle Corporation"/>
    <property name="java.vm.version" value="25.351-b10"/>
    <property name="java.specification.maintenance.version" value="4"/>
    <property name="java.ext.dirs" value="E:\JDK8\jre\lib\ext;C:\Windows\Sun\Java\lib\ext"/>
    <property name="sun.io.unicode.encoding" value="UnicodeLittle"/>
    <property name="maven.repo.local" value="E:\Maven\apache-maven-3.6.3\repository"/>
    <property name="java.class.version" value="52.0"/>
  </properties>
  <testcase name="add" classname="top.devinwang.readChat.config.redisConfigTest" time="0.068"/>
  <testcase name="get" classname="top.devinwang.readChat.config.redisConfigTest" time="0.067"/>
</testsuite>